/home/yalavarthi/miniconda3/envs/linodenet/lib/python3.10/site-packages/tsdm/viz/_config.py:54: UserWarning: matplotlib: no LaTeX rendering
  warnings.warn("matplotlib: no LaTeX rendering")
/home/yalavarthi/miniconda3/envs/linodenet/lib/python3.10/site-packages/tsdm/datasets/base.py:285: UserWarning: File 'USHCN_DeBrouwer2019.parquet' failed to validate!File hash '9d6011771a0001d53a8a083b5df7a005ff7808a2c2d1c6396c3fcbf43aa46994' does not match reference 'bbd12ab38b4b7f9c69a07409c26967fe16af3b608daae9816312859199b5ce86'.ğ—œğ—´ğ—»ğ—¼ğ—¿ğ—² ğ˜ğ—µğ—¶ğ˜€ ğ˜„ğ—®ğ—¿ğ—»ğ—¶ğ—»ğ—´ ğ—¶ğ—³ ğ˜ğ—µğ—² ğ—³ğ—¶ğ—¹ğ—² ğ—³ğ—¼ğ—¿ğ—ºğ—®ğ˜ ğ—¶ğ˜€ ğ—½ğ—®ğ—¿ğ—¾ğ˜‚ğ—²ğ˜.
  warnings.warn(
/home/yalavarthi/miniconda3/envs/linodenet/lib/python3.10/site-packages/tsdm/datasets/base.py:285: UserWarning: File 'USHCN_DeBrouwer2019.parquet' failed to validate!File hash '9d6011771a0001d53a8a083b5df7a005ff7808a2c2d1c6396c3fcbf43aa46994' does not match reference 'bbd12ab38b4b7f9c69a07409c26967fe16af3b608daae9816312859199b5ce86'.ğ—œğ—´ğ—»ğ—¼ğ—¿ğ—² ğ˜ğ—µğ—¶ğ˜€ ğ˜„ğ—®ğ—¿ğ—»ğ—¶ğ—»ğ—´ ğ—¶ğ—³ ğ˜ğ—µğ—² ğ—³ğ—¶ğ—¹ğ—² ğ—³ğ—¼ğ—¿ğ—ºğ—®ğ˜ ğ—¶ğ˜€ ğ—½ğ—®ğ—¿ğ—¾ğ˜‚ğ—²ğ˜.
  warnings.warn(
srun: Job step aborted: Waiting up to 32 seconds for job step to finish.
slurmstepd: error: *** JOB 278891 ON test-000 CANCELLED AT 2025-11-16T09:47:15 ***
slurmstepd: error: *** STEP 278891.0 ON test-000 CANCELLED AT 2025-11-16T09:47:15 ***
