/home/yalavarthi/miniconda3/envs/linodenet/lib/python3.10/site-packages/tsdm/viz/_config.py:54: UserWarning: matplotlib: no LaTeX rendering
  warnings.warn("matplotlib: no LaTeX rendering")
/home/yalavarthi/miniconda3/envs/linodenet/lib/python3.10/site-packages/tsdm/datasets/base.py:278: UserWarning: File 'Physionet2012-set-A-sparse.tar' cannot be validated as no hash is stored in <class 'tsdm.datasets.physionet2012.Physionet2012'>.The filehash is '812eee7c38d4457a315e7f094ac5bdfa09c1b0184127077f4364b97d0697175a'.
  warnings.warn(
/home/yalavarthi/miniconda3/envs/linodenet/lib/python3.10/site-packages/tsdm/datasets/base.py:278: UserWarning: File 'Physionet2012-set-B-sparse.tar' cannot be validated as no hash is stored in <class 'tsdm.datasets.physionet2012.Physionet2012'>.The filehash is 'd3ca6696d3ab33781c99b21141389fc4d9cbcc62f6ffc21e4641929a5ca3e05f'.
  warnings.warn(
/home/yalavarthi/miniconda3/envs/linodenet/lib/python3.10/site-packages/tsdm/datasets/base.py:278: UserWarning: File 'Physionet2012-set-C-sparse.tar' cannot be validated as no hash is stored in <class 'tsdm.datasets.physionet2012.Physionet2012'>.The filehash is 'ff139b54bb774d3f245fd532a896bb195dc39917ca0c4956742ba63aa70651b4'.
  warnings.warn(
Traceback (most recent call last):
  File "/home/yalavarthi/seperable_flows/temp_train_mnf.py", line 615, in <module>
    main()
  File "/home/yalavarthi/seperable_flows/temp_train_mnf.py", line 600, in main
    trainer.evaluate_for_marginals_individually(eval_loader)
  File "/home/yalavarthi/seperable_flows/temp_train_mnf.py", line 394, in evaluate_for_marginals_individually
    for batch in eval_loader:
  File "/home/yalavarthi/miniconda3/envs/linodenet/lib/python3.10/site-packages/torch/utils/data/dataloader.py", line 628, in __next__
    data = self._next_data()
  File "/home/yalavarthi/miniconda3/envs/linodenet/lib/python3.10/site-packages/torch/utils/data/dataloader.py", line 1333, in _next_data
    return self._process_data(data)
  File "/home/yalavarthi/miniconda3/envs/linodenet/lib/python3.10/site-packages/torch/utils/data/dataloader.py", line 1359, in _process_data
    data.reraise()
  File "/home/yalavarthi/miniconda3/envs/linodenet/lib/python3.10/site-packages/torch/_utils.py", line 543, in reraise
    raise exception
RuntimeError: Caught RuntimeError in DataLoader worker process 0.
Original Traceback (most recent call last):
  File "/home/yalavarthi/miniconda3/envs/linodenet/lib/python3.10/site-packages/torch/utils/data/_utils/worker.py", line 302, in _worker_loop
    data = fetcher.fetch(index)
  File "/home/yalavarthi/miniconda3/envs/linodenet/lib/python3.10/site-packages/torch/utils/data/_utils/fetch.py", line 61, in fetch
    return self.collate_fn(data)
  File "/home/yalavarthi/seperable_flows/core/utils/data_loader.py", line 103, in collate_fn
    xobs=pad_sequence(batch_xobs, batch_first=True, padding_value=0),
  File "/home/yalavarthi/miniconda3/envs/linodenet/lib/python3.10/site-packages/torch/nn/utils/rnn.py", line 398, in pad_sequence
    return torch._C._nn.pad_sequence(sequences, batch_first, padding_value)
RuntimeError: received an empty list of sequences

srun: error: gpu-200: task 0: Exited with exit code 1
