/home/yalavarthi/miniconda3/envs/linodenet/lib/python3.10/site-packages/tsdm/viz/_config.py:54: UserWarning: matplotlib: no LaTeX rendering
  warnings.warn("matplotlib: no LaTeX rendering")
/home/yalavarthi/miniconda3/envs/linodenet/lib/python3.10/site-packages/tsdm/datasets/base.py:285: UserWarning: File 'timeseries.parquet' failed to validate!File hash '7045f656e7fed321fd8175ac1904ca6e4880e4d1cae52d182f2b5dab79dadf4a' does not match reference 'e577e7aacc7b18fd5f3e02dd833533aa620dc5dbf05dbf2ddd1d235b755c8355'.ğ—œğ—´ğ—»ğ—¼ğ—¿ğ—² ğ˜ğ—µğ—¶ğ˜€ ğ˜„ğ—®ğ—¿ğ—»ğ—¶ğ—»ğ—´ ğ—¶ğ—³ ğ˜ğ—µğ—² ğ—³ğ—¶ğ—¹ğ—² ğ—³ğ—¼ğ—¿ğ—ºğ—®ğ˜ ğ—¶ğ˜€ ğ—½ğ—®ğ—¿ğ—¾ğ˜‚ğ—²ğ˜.
  warnings.warn(
/home/yalavarthi/miniconda3/envs/linodenet/lib/python3.10/site-packages/tsdm/datasets/base.py:285: UserWarning: File 'timeseries.parquet' failed to validate!File hash '7045f656e7fed321fd8175ac1904ca6e4880e4d1cae52d182f2b5dab79dadf4a' does not match reference 'e577e7aacc7b18fd5f3e02dd833533aa620dc5dbf05dbf2ddd1d235b755c8355'.ğ—œğ—´ğ—»ğ—¼ğ—¿ğ—² ğ˜ğ—µğ—¶ğ˜€ ğ˜„ğ—®ğ—¿ğ—»ğ—¶ğ—»ğ—´ ğ—¶ğ—³ ğ˜ğ—µğ—² ğ—³ğ—¶ğ—¹ğ—² ğ—³ğ—¼ğ—¿ğ—ºğ—®ğ˜ ğ—¶ğ˜€ ğ—½ğ—®ğ—¿ğ—¾ğ˜‚ğ—²ğ˜.
  warnings.warn(
srun: Job step aborted: Waiting up to 32 seconds for job step to finish.
slurmstepd: error: *** STEP 280664.0 ON test-000 CANCELLED AT 2025-11-17T19:52:17 DUE TO TIME LIMIT ***
slurmstepd: error: *** JOB 280664 ON test-000 CANCELLED AT 2025-11-17T19:52:17 DUE TO TIME LIMIT ***
